Determining if the include file malloc/malloc.h exists failed with the following output:
Change Dir: /home/kidus/llvm-project/clangbuilddir/CMakeFiles/CMakeTmp

Run Build Command(s):/usr/bin/gmake -f Makefile cmTC_e7f58/fast && /usr/bin/gmake  -f CMakeFiles/cmTC_e7f58.dir/build.make CMakeFiles/cmTC_e7f58.dir/build
gmake[1]: Entering directory '/home/kidus/llvm-project/clangbuilddir/CMakeFiles/CMakeTmp'
Building C object CMakeFiles/cmTC_e7f58.dir/CheckIncludeFile.c.o
/usr/bin/cc   -O3 -DNDEBUG -o CMakeFiles/cmTC_e7f58.dir/CheckIncludeFile.c.o -c /home/kidus/llvm-project/clangbuilddir/CMakeFiles/CMakeTmp/CheckIncludeFile.c
/home/kidus/llvm-project/clangbuilddir/CMakeFiles/CMakeTmp/CheckIncludeFile.c:1:10: fatal error: malloc/malloc.h: No such file or directory
    1 | #include <malloc/malloc.h>
      |          ^~~~~~~~~~~~~~~~~
compilation terminated.
gmake[1]: *** [CMakeFiles/cmTC_e7f58.dir/build.make:78: CMakeFiles/cmTC_e7f58.dir/CheckIncludeFile.c.o] Error 1
gmake[1]: Leaving directory '/home/kidus/llvm-project/clangbuilddir/CMakeFiles/CMakeTmp'
gmake: *** [Makefile:127: cmTC_e7f58/fast] Error 2



Determining if the include file valgrind/valgrind.h exists failed with the following output:
Change Dir: /home/kidus/llvm-project/clangbuilddir/CMakeFiles/CMakeTmp

Run Build Command(s):/usr/bin/gmake -f Makefile cmTC_8031c/fast && /usr/bin/gmake  -f CMakeFiles/cmTC_8031c.dir/build.make CMakeFiles/cmTC_8031c.dir/build
gmake[1]: Entering directory '/home/kidus/llvm-project/clangbuilddir/CMakeFiles/CMakeTmp'
Building C object CMakeFiles/cmTC_8031c.dir/CheckIncludeFile.c.o
/usr/bin/cc   -O3 -DNDEBUG -o CMakeFiles/cmTC_8031c.dir/CheckIncludeFile.c.o -c /home/kidus/llvm-project/clangbuilddir/CMakeFiles/CMakeTmp/CheckIncludeFile.c
/home/kidus/llvm-project/clangbuilddir/CMakeFiles/CMakeTmp/CheckIncludeFile.c:1:10: fatal error: valgrind/valgrind.h: No such file or directory
    1 | #include <valgrind/valgrind.h>
      |          ^~~~~~~~~~~~~~~~~~~~~
compilation terminated.
gmake[1]: *** [CMakeFiles/cmTC_8031c.dir/build.make:78: CMakeFiles/cmTC_8031c.dir/CheckIncludeFile.c.o] Error 1
gmake[1]: Leaving directory '/home/kidus/llvm-project/clangbuilddir/CMakeFiles/CMakeTmp'
gmake: *** [Makefile:127: cmTC_8031c/fast] Error 2



Determining if the include file mach/mach.h exists failed with the following output:
Change Dir: /home/kidus/llvm-project/clangbuilddir/CMakeFiles/CMakeTmp

Run Build Command(s):/usr/bin/gmake -f Makefile cmTC_777f5/fast && /usr/bin/gmake  -f CMakeFiles/cmTC_777f5.dir/build.make CMakeFiles/cmTC_777f5.dir/build
gmake[1]: Entering directory '/home/kidus/llvm-project/clangbuilddir/CMakeFiles/CMakeTmp'
Building C object CMakeFiles/cmTC_777f5.dir/CheckIncludeFile.c.o
/usr/bin/cc   -O3 -DNDEBUG -o CMakeFiles/cmTC_777f5.dir/CheckIncludeFile.c.o -c /home/kidus/llvm-project/clangbuilddir/CMakeFiles/CMakeTmp/CheckIncludeFile.c
/home/kidus/llvm-project/clangbuilddir/CMakeFiles/CMakeTmp/CheckIncludeFile.c:1:10: fatal error: mach/mach.h: No such file or directory
    1 | #include <mach/mach.h>
      |          ^~~~~~~~~~~~~
compilation terminated.
gmake[1]: *** [CMakeFiles/cmTC_777f5.dir/build.make:78: CMakeFiles/cmTC_777f5.dir/CheckIncludeFile.c.o] Error 1
gmake[1]: Leaving directory '/home/kidus/llvm-project/clangbuilddir/CMakeFiles/CMakeTmp'
gmake: *** [Makefile:127: cmTC_777f5/fast] Error 2



Determining if the include file CrashReporterClient.h exists failed with the following output:
Change Dir: /home/kidus/llvm-project/clangbuilddir/CMakeFiles/CMakeTmp

Run Build Command(s):/usr/bin/gmake -f Makefile cmTC_7711a/fast && /usr/bin/gmake  -f CMakeFiles/cmTC_7711a.dir/build.make CMakeFiles/cmTC_7711a.dir/build
gmake[1]: Entering directory '/home/kidus/llvm-project/clangbuilddir/CMakeFiles/CMakeTmp'
Building C object CMakeFiles/cmTC_7711a.dir/CheckIncludeFile.c.o
/usr/bin/cc   -O3 -DNDEBUG -o CMakeFiles/cmTC_7711a.dir/CheckIncludeFile.c.o -c /home/kidus/llvm-project/clangbuilddir/CMakeFiles/CMakeTmp/CheckIncludeFile.c
/home/kidus/llvm-project/clangbuilddir/CMakeFiles/CMakeTmp/CheckIncludeFile.c:1:10: fatal error: CrashReporterClient.h: No such file or directory
    1 | #include <CrashReporterClient.h>
      |          ^~~~~~~~~~~~~~~~~~~~~~~
compilation terminated.
gmake[1]: *** [CMakeFiles/cmTC_7711a.dir/build.make:78: CMakeFiles/cmTC_7711a.dir/CheckIncludeFile.c.o] Error 1
gmake[1]: Leaving directory '/home/kidus/llvm-project/clangbuilddir/CMakeFiles/CMakeTmp'
gmake: *** [Makefile:127: cmTC_7711a/fast] Error 2



Determining if the function pfm_initialize exists in the pfm failed with the following output:
Change Dir: /home/kidus/llvm-project/clangbuilddir/CMakeFiles/CMakeTmp

Run Build Command(s):/usr/bin/gmake -f Makefile cmTC_282a2/fast && /usr/bin/gmake  -f CMakeFiles/cmTC_282a2.dir/build.make CMakeFiles/cmTC_282a2.dir/build
gmake[1]: Entering directory '/home/kidus/llvm-project/clangbuilddir/CMakeFiles/CMakeTmp'
Building C object CMakeFiles/cmTC_282a2.dir/CheckFunctionExists.c.o
/usr/bin/cc   -DCHECK_FUNCTION_EXISTS=pfm_initialize -O3 -DNDEBUG -o CMakeFiles/cmTC_282a2.dir/CheckFunctionExists.c.o -c /usr/share/cmake-3.22/Modules/CheckFunctionExists.c
Linking C executable cmTC_282a2
/usr/bin/cmake -E cmake_link_script CMakeFiles/cmTC_282a2.dir/link.txt --verbose=1
/usr/bin/cc  -DCHECK_FUNCTION_EXISTS=pfm_initialize -O3 -DNDEBUG CMakeFiles/cmTC_282a2.dir/CheckFunctionExists.c.o -o cmTC_282a2  -lpfm -lm 
/usr/bin/ld: cannot find -lpfm: No such file or directory
collect2: error: ld returned 1 exit status
gmake[1]: *** [CMakeFiles/cmTC_282a2.dir/build.make:99: cmTC_282a2] Error 1
gmake[1]: Leaving directory '/home/kidus/llvm-project/clangbuilddir/CMakeFiles/CMakeTmp'
gmake: *** [Makefile:127: cmTC_282a2/fast] Error 2



Determining if the function xar_open exists in the xar failed with the following output:
Change Dir: /home/kidus/llvm-project/clangbuilddir/CMakeFiles/CMakeTmp

Run Build Command(s):/usr/bin/gmake -f Makefile cmTC_7e8cf/fast && /usr/bin/gmake  -f CMakeFiles/cmTC_7e8cf.dir/build.make CMakeFiles/cmTC_7e8cf.dir/build
gmake[1]: Entering directory '/home/kidus/llvm-project/clangbuilddir/CMakeFiles/CMakeTmp'
Building C object CMakeFiles/cmTC_7e8cf.dir/CheckFunctionExists.c.o
/usr/bin/cc   -DCHECK_FUNCTION_EXISTS=xar_open -O3 -DNDEBUG -o CMakeFiles/cmTC_7e8cf.dir/CheckFunctionExists.c.o -c /usr/share/cmake-3.22/Modules/CheckFunctionExists.c
Linking C executable cmTC_7e8cf
/usr/bin/cmake -E cmake_link_script CMakeFiles/cmTC_7e8cf.dir/link.txt --verbose=1
/usr/bin/cc  -DCHECK_FUNCTION_EXISTS=xar_open -O3 -DNDEBUG CMakeFiles/cmTC_7e8cf.dir/CheckFunctionExists.c.o -o cmTC_7e8cf  -lxar -lm 
/usr/bin/ld: cannot find -lxar: No such file or directory
collect2: error: ld returned 1 exit status
gmake[1]: *** [CMakeFiles/cmTC_7e8cf.dir/build.make:99: cmTC_7e8cf] Error 1
gmake[1]: Leaving directory '/home/kidus/llvm-project/clangbuilddir/CMakeFiles/CMakeTmp'
gmake: *** [Makefile:127: cmTC_7e8cf/fast] Error 2



Determining if the arc4random exist failed with the following output:
Change Dir: /home/kidus/llvm-project/clangbuilddir/CMakeFiles/CMakeTmp

Run Build Command(s):/usr/bin/gmake -f Makefile cmTC_9f653/fast && /usr/bin/gmake  -f CMakeFiles/cmTC_9f653.dir/build.make CMakeFiles/cmTC_9f653.dir/build
gmake[1]: Entering directory '/home/kidus/llvm-project/clangbuilddir/CMakeFiles/CMakeTmp'
Building C object CMakeFiles/cmTC_9f653.dir/CheckSymbolExists.c.o
/usr/bin/cc   -O3 -DNDEBUG -o CMakeFiles/cmTC_9f653.dir/CheckSymbolExists.c.o -c /home/kidus/llvm-project/clangbuilddir/CMakeFiles/CMakeTmp/CheckSymbolExists.c
/home/kidus/llvm-project/clangbuilddir/CMakeFiles/CMakeTmp/CheckSymbolExists.c: In function ‘main’:
/home/kidus/llvm-project/clangbuilddir/CMakeFiles/CMakeTmp/CheckSymbolExists.c:8:19: error: ‘arc4random’ undeclared (first use in this function); did you mean ‘srandom’?
    8 |   return ((int*)(&arc4random))[argc];
      |                   ^~~~~~~~~~
      |                   srandom
/home/kidus/llvm-project/clangbuilddir/CMakeFiles/CMakeTmp/CheckSymbolExists.c:8:19: note: each undeclared identifier is reported only once for each function it appears in
gmake[1]: *** [CMakeFiles/cmTC_9f653.dir/build.make:78: CMakeFiles/cmTC_9f653.dir/CheckSymbolExists.c.o] Error 1
gmake[1]: Leaving directory '/home/kidus/llvm-project/clangbuilddir/CMakeFiles/CMakeTmp'
gmake: *** [Makefile:127: cmTC_9f653/fast] Error 2


File /home/kidus/llvm-project/clangbuilddir/CMakeFiles/CMakeTmp/CheckSymbolExists.c:
/* */
#include <stdlib.h>

int main(int argc, char** argv)
{
  (void)argv;
#ifndef arc4random
  return ((int*)(&arc4random))[argc];
#else
  (void)argc;
  return 0;
#endif
}
Performing C SOURCE FILE Test C_SUPPORTS_WERROR_UNGUARDED_AVAILABILITY_NEW failed with the following output:
Change Dir: /home/kidus/llvm-project/clangbuilddir/CMakeFiles/CMakeTmp

Run Build Command(s):/usr/bin/gmake -f Makefile cmTC_c6032/fast && /usr/bin/gmake  -f CMakeFiles/cmTC_c6032.dir/build.make CMakeFiles/cmTC_c6032.dir/build
gmake[1]: Entering directory '/home/kidus/llvm-project/clangbuilddir/CMakeFiles/CMakeTmp'
Building C object CMakeFiles/cmTC_c6032.dir/src.c.o
/usr/bin/cc -DC_SUPPORTS_WERROR_UNGUARDED_AVAILABILITY_NEW  -O3 -DNDEBUG   -Werror=unguarded-availability-new -o CMakeFiles/cmTC_c6032.dir/src.c.o -c /home/kidus/llvm-project/clangbuilddir/CMakeFiles/CMakeTmp/src.c
cc1: error: '-Werror=unguarded-availability-new': no option '-Wunguarded-availability-new'
gmake[1]: *** [CMakeFiles/cmTC_c6032.dir/build.make:78: CMakeFiles/cmTC_c6032.dir/src.c.o] Error 1
gmake[1]: Leaving directory '/home/kidus/llvm-project/clangbuilddir/CMakeFiles/CMakeTmp'
gmake: *** [Makefile:127: cmTC_c6032/fast] Error 2


Source file was:
int main(void) { return 0; }
Determining if the __unw_add_dynamic_fde exist failed with the following output:
Change Dir: /home/kidus/llvm-project/clangbuilddir/CMakeFiles/CMakeTmp

Run Build Command(s):/usr/bin/gmake -f Makefile cmTC_e06ea/fast && /usr/bin/gmake  -f CMakeFiles/cmTC_e06ea.dir/build.make CMakeFiles/cmTC_e06ea.dir/build
gmake[1]: Entering directory '/home/kidus/llvm-project/clangbuilddir/CMakeFiles/CMakeTmp'
Building C object CMakeFiles/cmTC_e06ea.dir/CheckSymbolExists.c.o
/usr/bin/cc   -O3 -DNDEBUG -o CMakeFiles/cmTC_e06ea.dir/CheckSymbolExists.c.o -c /home/kidus/llvm-project/clangbuilddir/CMakeFiles/CMakeTmp/CheckSymbolExists.c
Linking C executable cmTC_e06ea
/usr/bin/cmake -E cmake_link_script CMakeFiles/cmTC_e06ea.dir/link.txt --verbose=1
/usr/bin/cc -O3 -DNDEBUG CMakeFiles/cmTC_e06ea.dir/CheckSymbolExists.c.o -o cmTC_e06ea  -lm 
/usr/bin/ld: CMakeFiles/cmTC_e06ea.dir/CheckSymbolExists.c.o: in function `main':
CheckSymbolExists.c:(.text.startup+0x7): undefined reference to `__unw_add_dynamic_fde'
collect2: error: ld returned 1 exit status
gmake[1]: *** [CMakeFiles/cmTC_e06ea.dir/build.make:99: cmTC_e06ea] Error 1
gmake[1]: Leaving directory '/home/kidus/llvm-project/clangbuilddir/CMakeFiles/CMakeTmp'
gmake: *** [Makefile:127: cmTC_e06ea/fast] Error 2


File /home/kidus/llvm-project/clangbuilddir/CMakeFiles/CMakeTmp/CheckSymbolExists.c:
/* */
#include </home/kidus/llvm-project/llvm/cmake/unwind.h>

int main(int argc, char** argv)
{
  (void)argv;
#ifndef __unw_add_dynamic_fde
  return ((int*)(&__unw_add_dynamic_fde))[argc];
#else
  (void)argc;
  return 0;
#endif
}
Determining if the mallctl exist failed with the following output:
Change Dir: /home/kidus/llvm-project/clangbuilddir/CMakeFiles/CMakeTmp

Run Build Command(s):/usr/bin/gmake -f Makefile cmTC_91cd5/fast && /usr/bin/gmake  -f CMakeFiles/cmTC_91cd5.dir/build.make CMakeFiles/cmTC_91cd5.dir/build
gmake[1]: Entering directory '/home/kidus/llvm-project/clangbuilddir/CMakeFiles/CMakeTmp'
Building C object CMakeFiles/cmTC_91cd5.dir/CheckSymbolExists.c.o
/usr/bin/cc   -O3 -DNDEBUG -o CMakeFiles/cmTC_91cd5.dir/CheckSymbolExists.c.o -c /home/kidus/llvm-project/clangbuilddir/CMakeFiles/CMakeTmp/CheckSymbolExists.c
/home/kidus/llvm-project/clangbuilddir/CMakeFiles/CMakeTmp/CheckSymbolExists.c:2:10: fatal error: malloc_np.h: No such file or directory
    2 | #include <malloc_np.h>
      |          ^~~~~~~~~~~~~
compilation terminated.
gmake[1]: *** [CMakeFiles/cmTC_91cd5.dir/build.make:78: CMakeFiles/cmTC_91cd5.dir/CheckSymbolExists.c.o] Error 1
gmake[1]: Leaving directory '/home/kidus/llvm-project/clangbuilddir/CMakeFiles/CMakeTmp'
gmake: *** [Makefile:127: cmTC_91cd5/fast] Error 2


File /home/kidus/llvm-project/clangbuilddir/CMakeFiles/CMakeTmp/CheckSymbolExists.c:
/* */
#include <malloc_np.h>

int main(int argc, char** argv)
{
  (void)argv;
#ifndef mallctl
  return ((int*)(&mallctl))[argc];
#else
  (void)argc;
  return 0;
#endif
}
Determining if the malloc_zone_statistics exist failed with the following output:
Change Dir: /home/kidus/llvm-project/clangbuilddir/CMakeFiles/CMakeTmp

Run Build Command(s):/usr/bin/gmake -f Makefile cmTC_650b1/fast && /usr/bin/gmake  -f CMakeFiles/cmTC_650b1.dir/build.make CMakeFiles/cmTC_650b1.dir/build
gmake[1]: Entering directory '/home/kidus/llvm-project/clangbuilddir/CMakeFiles/CMakeTmp'
Building C object CMakeFiles/cmTC_650b1.dir/CheckSymbolExists.c.o
/usr/bin/cc   -O3 -DNDEBUG -o CMakeFiles/cmTC_650b1.dir/CheckSymbolExists.c.o -c /home/kidus/llvm-project/clangbuilddir/CMakeFiles/CMakeTmp/CheckSymbolExists.c
/home/kidus/llvm-project/clangbuilddir/CMakeFiles/CMakeTmp/CheckSymbolExists.c:2:10: fatal error: malloc/malloc.h: No such file or directory
    2 | #include <malloc/malloc.h>
      |          ^~~~~~~~~~~~~~~~~
compilation terminated.
gmake[1]: *** [CMakeFiles/cmTC_650b1.dir/build.make:78: CMakeFiles/cmTC_650b1.dir/CheckSymbolExists.c.o] Error 1
gmake[1]: Leaving directory '/home/kidus/llvm-project/clangbuilddir/CMakeFiles/CMakeTmp'
gmake: *** [Makefile:127: cmTC_650b1/fast] Error 2


File /home/kidus/llvm-project/clangbuilddir/CMakeFiles/CMakeTmp/CheckSymbolExists.c:
/* */
#include <malloc/malloc.h>

int main(int argc, char** argv)
{
  (void)argv;
#ifndef malloc_zone_statistics
  return ((int*)(&malloc_zone_statistics))[argc];
#else
  (void)argc;
  return 0;
#endif
}
Determining if the strerror_s exist failed with the following output:
Change Dir: /home/kidus/llvm-project/clangbuilddir/CMakeFiles/CMakeTmp

Run Build Command(s):/usr/bin/gmake -f Makefile cmTC_e0748/fast && /usr/bin/gmake  -f CMakeFiles/cmTC_e0748.dir/build.make CMakeFiles/cmTC_e0748.dir/build
gmake[1]: Entering directory '/home/kidus/llvm-project/clangbuilddir/CMakeFiles/CMakeTmp'
Building C object CMakeFiles/cmTC_e0748.dir/CheckSymbolExists.c.o
/usr/bin/cc   -O3 -DNDEBUG -o CMakeFiles/cmTC_e0748.dir/CheckSymbolExists.c.o -c /home/kidus/llvm-project/clangbuilddir/CMakeFiles/CMakeTmp/CheckSymbolExists.c
/home/kidus/llvm-project/clangbuilddir/CMakeFiles/CMakeTmp/CheckSymbolExists.c: In function ‘main’:
/home/kidus/llvm-project/clangbuilddir/CMakeFiles/CMakeTmp/CheckSymbolExists.c:8:19: error: ‘strerror_s’ undeclared (first use in this function); did you mean ‘strerror_l’?
    8 |   return ((int*)(&strerror_s))[argc];
      |                   ^~~~~~~~~~
      |                   strerror_l
/home/kidus/llvm-project/clangbuilddir/CMakeFiles/CMakeTmp/CheckSymbolExists.c:8:19: note: each undeclared identifier is reported only once for each function it appears in
gmake[1]: *** [CMakeFiles/cmTC_e0748.dir/build.make:78: CMakeFiles/cmTC_e0748.dir/CheckSymbolExists.c.o] Error 1
gmake[1]: Leaving directory '/home/kidus/llvm-project/clangbuilddir/CMakeFiles/CMakeTmp'
gmake: *** [Makefile:127: cmTC_e0748/fast] Error 2


File /home/kidus/llvm-project/clangbuilddir/CMakeFiles/CMakeTmp/CheckSymbolExists.c:
/* */
#include <string.h>

int main(int argc, char** argv)
{
  (void)argv;
#ifndef strerror_s
  return ((int*)(&strerror_s))[argc];
#else
  (void)argc;
  return 0;
#endif
}
Performing C SOURCE FILE Test HAVE_STRUCT_STAT_ST_MTIMESPEC_TV_NSEC failed with the following output:
Change Dir: /home/kidus/llvm-project/clangbuilddir/CMakeFiles/CMakeTmp

Run Build Command(s):/usr/bin/gmake -f Makefile cmTC_c81dd/fast && /usr/bin/gmake  -f CMakeFiles/cmTC_c81dd.dir/build.make CMakeFiles/cmTC_c81dd.dir/build
gmake[1]: Entering directory '/home/kidus/llvm-project/clangbuilddir/CMakeFiles/CMakeTmp'
Building C object CMakeFiles/cmTC_c81dd.dir/src.c.o
/usr/bin/cc -DHAVE_STRUCT_STAT_ST_MTIMESPEC_TV_NSEC  -O3 -DNDEBUG -o CMakeFiles/cmTC_c81dd.dir/src.c.o -c /home/kidus/llvm-project/clangbuilddir/CMakeFiles/CMakeTmp/src.c
/home/kidus/llvm-project/clangbuilddir/CMakeFiles/CMakeTmp/src.c: In function ‘main’:
/home/kidus/llvm-project/clangbuilddir/CMakeFiles/CMakeTmp/src.c:7:34: error: ‘struct stat’ has no member named ‘st_mtimespec’
    7 |   (void)sizeof(((struct stat *)0)->st_mtimespec.tv_nsec);
      |                                  ^~
gmake[1]: *** [CMakeFiles/cmTC_c81dd.dir/build.make:78: CMakeFiles/cmTC_c81dd.dir/src.c.o] Error 1
gmake[1]: Leaving directory '/home/kidus/llvm-project/clangbuilddir/CMakeFiles/CMakeTmp'
gmake: *** [Makefile:127: cmTC_c81dd/fast] Error 2


Source file was:

#include <sys/types.h>
#include <sys/stat.h>

int main()
{
  (void)sizeof(((struct stat *)0)->st_mtimespec.tv_nsec);
  return 0;
}

Determining if the proc_pid_rusage exist failed with the following output:
Change Dir: /home/kidus/llvm-project/clangbuilddir/CMakeFiles/CMakeTmp

Run Build Command(s):/usr/bin/gmake -f Makefile cmTC_90df3/fast && /usr/bin/gmake  -f CMakeFiles/cmTC_90df3.dir/build.make CMakeFiles/cmTC_90df3.dir/build
gmake[1]: Entering directory '/home/kidus/llvm-project/clangbuilddir/CMakeFiles/CMakeTmp'
Building C object CMakeFiles/cmTC_90df3.dir/CheckSymbolExists.c.o
/usr/bin/cc -D_GNU_SOURCE  -O3 -DNDEBUG -o CMakeFiles/cmTC_90df3.dir/CheckSymbolExists.c.o -c /home/kidus/llvm-project/clangbuilddir/CMakeFiles/CMakeTmp/CheckSymbolExists.c
/home/kidus/llvm-project/clangbuilddir/CMakeFiles/CMakeTmp/CheckSymbolExists.c:2:10: fatal error: libproc.h: No such file or directory
    2 | #include <libproc.h>
      |          ^~~~~~~~~~~
compilation terminated.
gmake[1]: *** [CMakeFiles/cmTC_90df3.dir/build.make:78: CMakeFiles/cmTC_90df3.dir/CheckSymbolExists.c.o] Error 1
gmake[1]: Leaving directory '/home/kidus/llvm-project/clangbuilddir/CMakeFiles/CMakeTmp'
gmake: *** [Makefile:127: cmTC_90df3/fast] Error 2


File /home/kidus/llvm-project/clangbuilddir/CMakeFiles/CMakeTmp/CheckSymbolExists.c:
/* */
#include <libproc.h>

int main(int argc, char** argv)
{
  (void)argv;
#ifndef proc_pid_rusage
  return ((int*)(&proc_pid_rusage))[argc];
#else
  (void)argc;
  return 0;
#endif
}
Performing C++ SOURCE FILE Test SUPPORTS_GNU_ZERO_VARIADIC_MACRO_ARGUMENTS_FLAG failed with the following output:
Change Dir: /home/kidus/llvm-project/clangbuilddir/CMakeFiles/CMakeTmp

Run Build Command(s):/usr/bin/gmake -f Makefile cmTC_debdf/fast && /usr/bin/gmake  -f CMakeFiles/cmTC_debdf.dir/build.make CMakeFiles/cmTC_debdf.dir/build
gmake[1]: Entering directory '/home/kidus/llvm-project/clangbuilddir/CMakeFiles/CMakeTmp'
Building CXX object CMakeFiles/cmTC_debdf.dir/src.cxx.o
/usr/bin/c++ -DSUPPORTS_GNU_ZERO_VARIADIC_MACRO_ARGUMENTS_FLAG  -O3 -DNDEBUG   -Wgnu-zero-variadic-macro-arguments -std=c++17 -o CMakeFiles/cmTC_debdf.dir/src.cxx.o -c /home/kidus/llvm-project/clangbuilddir/CMakeFiles/CMakeTmp/src.cxx
c++: error: unrecognized command-line option '-Wgnu-zero-variadic-macro-arguments'
gmake[1]: *** [CMakeFiles/cmTC_debdf.dir/build.make:78: CMakeFiles/cmTC_debdf.dir/src.cxx.o] Error 1
gmake[1]: Leaving directory '/home/kidus/llvm-project/clangbuilddir/CMakeFiles/CMakeTmp'
gmake: *** [Makefile:127: cmTC_debdf/fast] Error 2


Source file was:
int main() { return 0; }
Performing C++ SOURCE FILE Test CXX_SUPPORTS_WERROR_UNGUARDED_AVAILABILITY_NEW failed with the following output:
Change Dir: /home/kidus/llvm-project/clangbuilddir/CMakeFiles/CMakeTmp

Run Build Command(s):/usr/bin/gmake -f Makefile cmTC_64575/fast && /usr/bin/gmake  -f CMakeFiles/cmTC_64575.dir/build.make CMakeFiles/cmTC_64575.dir/build
gmake[1]: Entering directory '/home/kidus/llvm-project/clangbuilddir/CMakeFiles/CMakeTmp'
Building CXX object CMakeFiles/cmTC_64575.dir/src.cxx.o
/usr/bin/c++ -DCXX_SUPPORTS_WERROR_UNGUARDED_AVAILABILITY_NEW  -fPIC -fno-semantic-interposition -fvisibility-inlines-hidden -Werror=date-time  -O3 -DNDEBUG   -Werror -Werror=unguarded-availability-new -std=c++17 -o CMakeFiles/cmTC_64575.dir/src.cxx.o -c /home/kidus/llvm-project/clangbuilddir/CMakeFiles/CMakeTmp/src.cxx
cc1plus: error: '-Werror=unguarded-availability-new': no option '-Wunguarded-availability-new'
gmake[1]: *** [CMakeFiles/cmTC_64575.dir/build.make:78: CMakeFiles/cmTC_64575.dir/src.cxx.o] Error 1
gmake[1]: Leaving directory '/home/kidus/llvm-project/clangbuilddir/CMakeFiles/CMakeTmp'
gmake: *** [Makefile:127: cmTC_64575/fast] Error 2


Source file was:
int main() { return 0; }
Performing C SOURCE FILE Test C_SUPPORTS_CXX98_COMPAT_EXTRA_SEMI_FLAG failed with the following output:
Change Dir: /home/kidus/llvm-project/clangbuilddir/CMakeFiles/CMakeTmp

Run Build Command(s):/usr/bin/gmake -f Makefile cmTC_87e88/fast && /usr/bin/gmake  -f CMakeFiles/cmTC_87e88.dir/build.make CMakeFiles/cmTC_87e88.dir/build
gmake[1]: Entering directory '/home/kidus/llvm-project/clangbuilddir/CMakeFiles/CMakeTmp'
Building C object CMakeFiles/cmTC_87e88.dir/src.c.o
/usr/bin/cc -DC_SUPPORTS_CXX98_COMPAT_EXTRA_SEMI_FLAG  -fPIC -fno-semantic-interposition -Werror=date-time -fno-lifetime-dse -Wall -Wextra -Wno-unused-parameter -Wwrite-strings -Wcast-qual -Wno-missing-field-initializers -pedantic -Wno-long-long  -O3 -DNDEBUG   -Werror -Wc++98-compat-extra-semi -o CMakeFiles/cmTC_87e88.dir/src.c.o -c /home/kidus/llvm-project/clangbuilddir/CMakeFiles/CMakeTmp/src.c
cc: error: unrecognized command-line option '-Wc++98-compat-extra-semi'
gmake[1]: *** [CMakeFiles/cmTC_87e88.dir/build.make:78: CMakeFiles/cmTC_87e88.dir/src.c.o] Error 1
gmake[1]: Leaving directory '/home/kidus/llvm-project/clangbuilddir/CMakeFiles/CMakeTmp'
gmake: *** [Makefile:127: cmTC_87e88/fast] Error 2


Source file was:
int main(void) { return 0; }
Performing C++ SOURCE FILE Test CXX_SUPPORTS_CXX98_COMPAT_EXTRA_SEMI_FLAG failed with the following output:
Change Dir: /home/kidus/llvm-project/clangbuilddir/CMakeFiles/CMakeTmp

Run Build Command(s):/usr/bin/gmake -f Makefile cmTC_8ffaa/fast && /usr/bin/gmake  -f CMakeFiles/cmTC_8ffaa.dir/build.make CMakeFiles/cmTC_8ffaa.dir/build
gmake[1]: Entering directory '/home/kidus/llvm-project/clangbuilddir/CMakeFiles/CMakeTmp'
Building CXX object CMakeFiles/cmTC_8ffaa.dir/src.cxx.o
/usr/bin/c++ -DCXX_SUPPORTS_CXX98_COMPAT_EXTRA_SEMI_FLAG  -fPIC -fno-semantic-interposition -fvisibility-inlines-hidden -Werror=date-time -fno-lifetime-dse -Wall -Wextra -Wno-unused-parameter -Wwrite-strings -Wcast-qual -Wno-missing-field-initializers -pedantic -Wno-long-long  -O3 -DNDEBUG   -Werror -Wc++98-compat-extra-semi -std=c++17 -o CMakeFiles/cmTC_8ffaa.dir/src.cxx.o -c /home/kidus/llvm-project/clangbuilddir/CMakeFiles/CMakeTmp/src.cxx
c++: error: unrecognized command-line option '-Wc++98-compat-extra-semi'
gmake[1]: *** [CMakeFiles/cmTC_8ffaa.dir/build.make:78: CMakeFiles/cmTC_8ffaa.dir/src.cxx.o] Error 1
gmake[1]: Leaving directory '/home/kidus/llvm-project/clangbuilddir/CMakeFiles/CMakeTmp'
gmake: *** [Makefile:127: cmTC_8ffaa/fast] Error 2


Source file was:
int main() { return 0; }
Performing C SOURCE FILE Test C_SUPPORTS_COVERED_SWITCH_DEFAULT_FLAG failed with the following output:
Change Dir: /home/kidus/llvm-project/clangbuilddir/CMakeFiles/CMakeTmp

Run Build Command(s):/usr/bin/gmake -f Makefile cmTC_528c5/fast && /usr/bin/gmake  -f CMakeFiles/cmTC_528c5.dir/build.make CMakeFiles/cmTC_528c5.dir/build
gmake[1]: Entering directory '/home/kidus/llvm-project/clangbuilddir/CMakeFiles/CMakeTmp'
Building C object CMakeFiles/cmTC_528c5.dir/src.c.o
/usr/bin/cc -DC_SUPPORTS_COVERED_SWITCH_DEFAULT_FLAG  -fPIC -fno-semantic-interposition -Werror=date-time -fno-lifetime-dse -Wall -Wextra -Wno-unused-parameter -Wwrite-strings -Wcast-qual -Wno-missing-field-initializers -pedantic -Wno-long-long -Wimplicit-fallthrough  -O3 -DNDEBUG   -Werror -Wcovered-switch-default -o CMakeFiles/cmTC_528c5.dir/src.c.o -c /home/kidus/llvm-project/clangbuilddir/CMakeFiles/CMakeTmp/src.c
cc: error: unrecognized command-line option '-Wcovered-switch-default'; did you mean '-Wno-switch-default'?
gmake[1]: *** [CMakeFiles/cmTC_528c5.dir/build.make:78: CMakeFiles/cmTC_528c5.dir/src.c.o] Error 1
gmake[1]: Leaving directory '/home/kidus/llvm-project/clangbuilddir/CMakeFiles/CMakeTmp'
gmake: *** [Makefile:127: cmTC_528c5/fast] Error 2


Source file was:
int main(void) { return 0; }
Performing C++ SOURCE FILE Test CXX_SUPPORTS_COVERED_SWITCH_DEFAULT_FLAG failed with the following output:
Change Dir: /home/kidus/llvm-project/clangbuilddir/CMakeFiles/CMakeTmp

Run Build Command(s):/usr/bin/gmake -f Makefile cmTC_1aca7/fast && /usr/bin/gmake  -f CMakeFiles/cmTC_1aca7.dir/build.make CMakeFiles/cmTC_1aca7.dir/build
gmake[1]: Entering directory '/home/kidus/llvm-project/clangbuilddir/CMakeFiles/CMakeTmp'
Building CXX object CMakeFiles/cmTC_1aca7.dir/src.cxx.o
/usr/bin/c++ -DCXX_SUPPORTS_COVERED_SWITCH_DEFAULT_FLAG  -fPIC -fno-semantic-interposition -fvisibility-inlines-hidden -Werror=date-time -fno-lifetime-dse -Wall -Wextra -Wno-unused-parameter -Wwrite-strings -Wcast-qual -Wno-missing-field-initializers -pedantic -Wno-long-long -Wimplicit-fallthrough  -O3 -DNDEBUG   -Werror -Wcovered-switch-default -std=c++17 -o CMakeFiles/cmTC_1aca7.dir/src.cxx.o -c /home/kidus/llvm-project/clangbuilddir/CMakeFiles/CMakeTmp/src.cxx
c++: error: unrecognized command-line option '-Wcovered-switch-default'; did you mean '-Wno-switch-default'?
gmake[1]: *** [CMakeFiles/cmTC_1aca7.dir/build.make:78: CMakeFiles/cmTC_1aca7.dir/src.cxx.o] Error 1
gmake[1]: Leaving directory '/home/kidus/llvm-project/clangbuilddir/CMakeFiles/CMakeTmp'
gmake: *** [Makefile:127: cmTC_1aca7/fast] Error 2


Source file was:
int main() { return 0; }
Performing C++ SOURCE FILE Test CXX_WONT_WARN_ON_FINAL_NONVIRTUALDTOR failed with the following output:
Change Dir: /home/kidus/llvm-project/clangbuilddir/CMakeFiles/CMakeTmp

Run Build Command(s):/usr/bin/gmake -f Makefile cmTC_53ef3/fast && /usr/bin/gmake  -f CMakeFiles/cmTC_53ef3.dir/build.make CMakeFiles/cmTC_53ef3.dir/build
gmake[1]: Entering directory '/home/kidus/llvm-project/clangbuilddir/CMakeFiles/CMakeTmp'
Building CXX object CMakeFiles/cmTC_53ef3.dir/src.cxx.o
/usr/bin/c++ -DCXX_WONT_WARN_ON_FINAL_NONVIRTUALDTOR -D_GNU_SOURCE  -fPIC -fno-semantic-interposition -fvisibility-inlines-hidden -Werror=date-time -fno-lifetime-dse -Wall -Wextra -Wno-unused-parameter -Wwrite-strings -Wcast-qual -Wno-missing-field-initializers -pedantic -Wno-long-long -Wimplicit-fallthrough -Wno-maybe-uninitialized -Wno-nonnull -Wno-class-memaccess -Wno-redundant-move -Wno-pessimizing-move -Wno-noexcept-type  -Werror=non-virtual-dtor -O3 -DNDEBUG -std=c++17 -o CMakeFiles/cmTC_53ef3.dir/src.cxx.o -c /home/kidus/llvm-project/clangbuilddir/CMakeFiles/CMakeTmp/src.cxx
/home/kidus/llvm-project/clangbuilddir/CMakeFiles/CMakeTmp/src.cxx:2:36: error: ‘class base’ has virtual functions and accessible non-virtual destructor [-Werror=non-virtual-dtor]
    2 |                              class base {friend f; public: virtual void anchor();protected: ~base();};
      |                                    ^~~~
cc1plus: some warnings being treated as errors
gmake[1]: *** [CMakeFiles/cmTC_53ef3.dir/build.make:78: CMakeFiles/cmTC_53ef3.dir/src.cxx.o] Error 1
gmake[1]: Leaving directory '/home/kidus/llvm-project/clangbuilddir/CMakeFiles/CMakeTmp'
gmake: *** [Makefile:127: cmTC_53ef3/fast] Error 2


Source file was:
class f {};
                             class base {friend f; public: virtual void anchor();protected: ~base();};
                             int main() { return 0; }
Performing C SOURCE FILE Test C_WCOMMENT_ALLOWS_LINE_WRAP failed with the following output:
Change Dir: /home/kidus/llvm-project/clangbuilddir/CMakeFiles/CMakeTmp

Run Build Command(s):/usr/bin/gmake -f Makefile cmTC_5a916/fast && /usr/bin/gmake  -f CMakeFiles/cmTC_5a916.dir/build.make CMakeFiles/cmTC_5a916.dir/build
gmake[1]: Entering directory '/home/kidus/llvm-project/clangbuilddir/CMakeFiles/CMakeTmp'
Building C object CMakeFiles/cmTC_5a916.dir/src.c.o
/usr/bin/cc -DC_WCOMMENT_ALLOWS_LINE_WRAP -D_GNU_SOURCE  -fPIC -fno-semantic-interposition -Werror=date-time -fno-lifetime-dse -Wall -Wextra -Wno-unused-parameter -Wwrite-strings -Wcast-qual -Wno-missing-field-initializers -pedantic -Wno-long-long -Wimplicit-fallthrough  -Werror -Wcomment -O3 -DNDEBUG -o CMakeFiles/cmTC_5a916.dir/src.c.o -c /home/kidus/llvm-project/clangbuilddir/CMakeFiles/CMakeTmp/src.c
/home/kidus/llvm-project/clangbuilddir/CMakeFiles/CMakeTmp/src.c:1:1: error: multi-line comment [-Werror=comment]
    1 | // \
      | ^
cc1: all warnings being treated as errors
gmake[1]: *** [CMakeFiles/cmTC_5a916.dir/build.make:78: CMakeFiles/cmTC_5a916.dir/src.c.o] Error 1
gmake[1]: Leaving directory '/home/kidus/llvm-project/clangbuilddir/CMakeFiles/CMakeTmp'
gmake: *** [Makefile:127: cmTC_5a916/fast] Error 2


Source file was:
// \
//
int main(void) {return 0;}
Performing C SOURCE FILE Test C_SUPPORTS_STRING_CONVERSION_FLAG failed with the following output:
Change Dir: /home/kidus/llvm-project/clangbuilddir/CMakeFiles/CMakeTmp

Run Build Command(s):/usr/bin/gmake -f Makefile cmTC_ae0b7/fast && /usr/bin/gmake  -f CMakeFiles/cmTC_ae0b7.dir/build.make CMakeFiles/cmTC_ae0b7.dir/build
gmake[1]: Entering directory '/home/kidus/llvm-project/clangbuilddir/CMakeFiles/CMakeTmp'
Building C object CMakeFiles/cmTC_ae0b7.dir/src.c.o
/usr/bin/cc -DC_SUPPORTS_STRING_CONVERSION_FLAG  -fPIC -fno-semantic-interposition -Werror=date-time -fno-lifetime-dse -Wall -Wextra -Wno-unused-parameter -Wwrite-strings -Wcast-qual -Wno-missing-field-initializers -pedantic -Wno-long-long -Wimplicit-fallthrough -Wno-comment  -O3 -DNDEBUG   -Werror -Wstring-conversion -o CMakeFiles/cmTC_ae0b7.dir/src.c.o -c /home/kidus/llvm-project/clangbuilddir/CMakeFiles/CMakeTmp/src.c
cc: error: unrecognized command-line option '-Wstring-conversion'; did you mean '-Wsign-conversion'?
gmake[1]: *** [CMakeFiles/cmTC_ae0b7.dir/build.make:78: CMakeFiles/cmTC_ae0b7.dir/src.c.o] Error 1
gmake[1]: Leaving directory '/home/kidus/llvm-project/clangbuilddir/CMakeFiles/CMakeTmp'
gmake: *** [Makefile:127: cmTC_ae0b7/fast] Error 2


Source file was:
int main(void) { return 0; }
Performing C++ SOURCE FILE Test CXX_SUPPORTS_STRING_CONVERSION_FLAG failed with the following output:
Change Dir: /home/kidus/llvm-project/clangbuilddir/CMakeFiles/CMakeTmp

Run Build Command(s):/usr/bin/gmake -f Makefile cmTC_3c4c0/fast && /usr/bin/gmake  -f CMakeFiles/cmTC_3c4c0.dir/build.make CMakeFiles/cmTC_3c4c0.dir/build
gmake[1]: Entering directory '/home/kidus/llvm-project/clangbuilddir/CMakeFiles/CMakeTmp'
Building CXX object CMakeFiles/cmTC_3c4c0.dir/src.cxx.o
/usr/bin/c++ -DCXX_SUPPORTS_STRING_CONVERSION_FLAG  -fPIC -fno-semantic-interposition -fvisibility-inlines-hidden -Werror=date-time -fno-lifetime-dse -Wall -Wextra -Wno-unused-parameter -Wwrite-strings -Wcast-qual -Wno-missing-field-initializers -pedantic -Wno-long-long -Wimplicit-fallthrough -Wno-maybe-uninitialized -Wno-nonnull -Wno-class-memaccess -Wno-redundant-move -Wno-pessimizing-move -Wno-noexcept-type -Wdelete-non-virtual-dtor -Wsuggest-override -Wno-comment  -O3 -DNDEBUG   -Werror -Wstring-conversion -std=c++17 -o CMakeFiles/cmTC_3c4c0.dir/src.cxx.o -c /home/kidus/llvm-project/clangbuilddir/CMakeFiles/CMakeTmp/src.cxx
c++: error: unrecognized command-line option '-Wstring-conversion'; did you mean '-Wsign-conversion'?
gmake[1]: *** [CMakeFiles/cmTC_3c4c0.dir/build.make:78: CMakeFiles/cmTC_3c4c0.dir/src.cxx.o] Error 1
gmake[1]: Leaving directory '/home/kidus/llvm-project/clangbuilddir/CMakeFiles/CMakeTmp'
gmake: *** [Makefile:127: cmTC_3c4c0/fast] Error 2


Source file was:
int main() { return 0; }
Performing C SOURCE FILE Test C_SUPPORTS_CTAD_MAYBE_UNSPPORTED_FLAG failed with the following output:
Change Dir: /home/kidus/llvm-project/clangbuilddir/CMakeFiles/CMakeTmp

Run Build Command(s):/usr/bin/gmake -f Makefile cmTC_4e610/fast && /usr/bin/gmake  -f CMakeFiles/cmTC_4e610.dir/build.make CMakeFiles/cmTC_4e610.dir/build
gmake[1]: Entering directory '/home/kidus/llvm-project/clangbuilddir/CMakeFiles/CMakeTmp'
Building C object CMakeFiles/cmTC_4e610.dir/src.c.o
/usr/bin/cc -DC_SUPPORTS_CTAD_MAYBE_UNSPPORTED_FLAG  -fPIC -fno-semantic-interposition -Werror=date-time -fno-lifetime-dse -Wall -Wextra -Wno-unused-parameter -Wwrite-strings -Wcast-qual -Wno-missing-field-initializers -pedantic -Wno-long-long -Wimplicit-fallthrough -Wno-comment  -O3 -DNDEBUG   -Werror -Wctad-maybe-unsupported -o CMakeFiles/cmTC_4e610.dir/src.c.o -c /home/kidus/llvm-project/clangbuilddir/CMakeFiles/CMakeTmp/src.c
cc1: error: command-line option '-Wctad-maybe-unsupported' is valid for C++/ObjC++ but not for C [-Werror]
cc1: all warnings being treated as errors
gmake[1]: *** [CMakeFiles/cmTC_4e610.dir/build.make:78: CMakeFiles/cmTC_4e610.dir/src.c.o] Error 1
gmake[1]: Leaving directory '/home/kidus/llvm-project/clangbuilddir/CMakeFiles/CMakeTmp'
gmake: *** [Makefile:127: cmTC_4e610/fast] Error 2


Source file was:
int main(void) { return 0; }
Determining if the os_signpost_interval_begin exist failed with the following output:
Change Dir: /home/kidus/llvm-project/clangbuilddir/CMakeFiles/CMakeTmp

Run Build Command(s):/usr/bin/gmake -f Makefile cmTC_8b190/fast && /usr/bin/gmake  -f CMakeFiles/cmTC_8b190.dir/build.make CMakeFiles/cmTC_8b190.dir/build
gmake[1]: Entering directory '/home/kidus/llvm-project/clangbuilddir/CMakeFiles/CMakeTmp'
Building C object CMakeFiles/cmTC_8b190.dir/CheckSymbolExists.c.o
/usr/bin/cc -D_GNU_SOURCE  -fPIC -fno-semantic-interposition -fno-lifetime-dse -Wall -Wextra -Wno-unused-parameter -Wwrite-strings -Wcast-qual -Wno-missing-field-initializers -pedantic -Wno-long-long -Wimplicit-fallthrough -Wno-comment -ffunction-sections -fdata-sections  -O3 -DNDEBUG -o CMakeFiles/cmTC_8b190.dir/CheckSymbolExists.c.o -c /home/kidus/llvm-project/clangbuilddir/CMakeFiles/CMakeTmp/CheckSymbolExists.c
/home/kidus/llvm-project/clangbuilddir/CMakeFiles/CMakeTmp/CheckSymbolExists.c:2:10: fatal error: os/signpost.h: No such file or directory
    2 | #include <os/signpost.h>
      |          ^~~~~~~~~~~~~~~
compilation terminated.
gmake[1]: *** [CMakeFiles/cmTC_8b190.dir/build.make:78: CMakeFiles/cmTC_8b190.dir/CheckSymbolExists.c.o] Error 1
gmake[1]: Leaving directory '/home/kidus/llvm-project/clangbuilddir/CMakeFiles/CMakeTmp'
gmake: *** [Makefile:127: cmTC_8b190/fast] Error 2


File /home/kidus/llvm-project/clangbuilddir/CMakeFiles/CMakeTmp/CheckSymbolExists.c:
/* */
#include <os/signpost.h>

int main(int argc, char** argv)
{
  (void)argv;
#ifndef os_signpost_interval_begin
  return ((int*)(&os_signpost_interval_begin))[argc];
#else
  (void)argc;
  return 0;
#endif
}
Performing C++ SOURCE FILE Test HAS_WERROR_GLOBAL_CTORS failed with the following output:
Change Dir: /home/kidus/llvm-project/clangbuilddir/CMakeFiles/CMakeTmp

Run Build Command(s):/usr/bin/gmake -f Makefile cmTC_bc903/fast && /usr/bin/gmake  -f CMakeFiles/cmTC_bc903.dir/build.make CMakeFiles/cmTC_bc903.dir/build
gmake[1]: Entering directory '/home/kidus/llvm-project/clangbuilddir/CMakeFiles/CMakeTmp'
Building CXX object CMakeFiles/cmTC_bc903.dir/src.cxx.o
/usr/bin/c++ -DHAS_WERROR_GLOBAL_CTORS  -fPIC -fno-semantic-interposition -fvisibility-inlines-hidden -Werror=date-time -fno-lifetime-dse -Wall -Wextra -Wno-unused-parameter -Wwrite-strings -Wcast-qual -Wno-missing-field-initializers -pedantic -Wno-long-long -Wimplicit-fallthrough -Wno-maybe-uninitialized -Wno-nonnull -Wno-class-memaccess -Wno-redundant-move -Wno-pessimizing-move -Wno-noexcept-type -Wdelete-non-virtual-dtor -Wsuggest-override -Wno-comment -Wno-misleading-indentation -Wctad-maybe-unsupported -ffunction-sections -fdata-sections  -O3 -DNDEBUG   -Werror=global-constructors -std=c++17 -o CMakeFiles/cmTC_bc903.dir/src.cxx.o -c /home/kidus/llvm-project/clangbuilddir/CMakeFiles/CMakeTmp/src.cxx
cc1plus: error: '-Werror=global-constructors': no option '-Wglobal-constructors'; did you mean '-felide-constructors'?
gmake[1]: *** [CMakeFiles/cmTC_bc903.dir/build.make:78: CMakeFiles/cmTC_bc903.dir/src.cxx.o] Error 1
gmake[1]: Leaving directory '/home/kidus/llvm-project/clangbuilddir/CMakeFiles/CMakeTmp'
gmake: *** [Makefile:127: cmTC_bc903/fast] Error 2


Source file was:
int main() { return 0; }
Performing C++ SOURCE FILE Test HAVE_CXX_FLAG_WSHORTEN_64_TO_32 failed with the following output:
Change Dir: /home/kidus/llvm-project/clangbuilddir/CMakeFiles/CMakeTmp

Run Build Command(s):/usr/bin/gmake -f Makefile cmTC_c9505/fast && /usr/bin/gmake  -f CMakeFiles/cmTC_c9505.dir/build.make CMakeFiles/cmTC_c9505.dir/build
gmake[1]: Entering directory '/home/kidus/llvm-project/clangbuilddir/CMakeFiles/CMakeTmp'
Building CXX object CMakeFiles/cmTC_c9505.dir/src.cxx.o
/usr/bin/c++ -DHAVE_CXX_FLAG_WSHORTEN_64_TO_32  -fPIC -fno-semantic-interposition -fvisibility-inlines-hidden -Werror=date-time -fno-lifetime-dse -Wall -Wextra -Wno-unused-parameter -Wwrite-strings -Wcast-qual -Wno-missing-field-initializers -pedantic -Wno-long-long -Wimplicit-fallthrough -Wno-maybe-uninitialized -Wno-nonnull -Wno-class-memaccess -Wno-redundant-move -Wno-pessimizing-move -Wno-noexcept-type -Wdelete-non-virtual-dtor -Wsuggest-override -Wno-comment -Wno-misleading-indentation -Wctad-maybe-unsupported -ffunction-sections -fdata-sections  -std=c++11  -Wall  -Wextra  -Wshadow  -Wsuggest-override  -pedantic  -pedantic-errors  -Wshorten-64-to-32 -O3 -DNDEBUG   -Wshorten-64-to-32 -std=c++17 -o CMakeFiles/cmTC_c9505.dir/src.cxx.o -c /home/kidus/llvm-project/clangbuilddir/CMakeFiles/CMakeTmp/src.cxx
c++: error: unrecognized command-line option '-Wshorten-64-to-32'
c++: error: unrecognized command-line option '-Wshorten-64-to-32'
gmake[1]: *** [CMakeFiles/cmTC_c9505.dir/build.make:78: CMakeFiles/cmTC_c9505.dir/src.cxx.o] Error 1
gmake[1]: Leaving directory '/home/kidus/llvm-project/clangbuilddir/CMakeFiles/CMakeTmp'
gmake: *** [Makefile:127: cmTC_c9505/fast] Error 2


Source file was:
int main() { return 0; }
Performing C++ SOURCE FILE Test HAVE_CXX_FLAG_WD654 failed with the following output:
Change Dir: /home/kidus/llvm-project/clangbuilddir/CMakeFiles/CMakeTmp

Run Build Command(s):/usr/bin/gmake -f Makefile cmTC_248c3/fast && /usr/bin/gmake  -f CMakeFiles/cmTC_248c3.dir/build.make CMakeFiles/cmTC_248c3.dir/build
gmake[1]: Entering directory '/home/kidus/llvm-project/clangbuilddir/CMakeFiles/CMakeTmp'
Building CXX object CMakeFiles/cmTC_248c3.dir/src.cxx.o
/usr/bin/c++ -DHAVE_CXX_FLAG_WD654  -fPIC -fno-semantic-interposition -fvisibility-inlines-hidden -Werror=date-time -fno-lifetime-dse -Wall -Wextra -Wno-unused-parameter -Wwrite-strings -Wcast-qual -Wno-missing-field-initializers -pedantic -Wno-long-long -Wimplicit-fallthrough -Wno-maybe-uninitialized -Wno-nonnull -Wno-class-memaccess -Wno-redundant-move -Wno-pessimizing-move -Wno-noexcept-type -Wdelete-non-virtual-dtor -Wsuggest-override -Wno-comment -Wno-misleading-indentation -Wctad-maybe-unsupported -ffunction-sections -fdata-sections  -std=c++11  -Wall  -Wextra  -Wshadow  -Wsuggest-override  -pedantic  -pedantic-errors  -fstrict-aliasing  -Wno-deprecated-declarations  -fno-exceptions  -Wstrict-aliasing  -wd654 -O3 -DNDEBUG   -wd654 -std=c++17 -o CMakeFiles/cmTC_248c3.dir/src.cxx.o -c /home/kidus/llvm-project/clangbuilddir/CMakeFiles/CMakeTmp/src.cxx
c++: error: unrecognized command-line option '-wd654'
c++: error: unrecognized command-line option '-wd654'
gmake[1]: *** [CMakeFiles/cmTC_248c3.dir/build.make:78: CMakeFiles/cmTC_248c3.dir/src.cxx.o] Error 1
gmake[1]: Leaving directory '/home/kidus/llvm-project/clangbuilddir/CMakeFiles/CMakeTmp'
gmake: *** [Makefile:127: cmTC_248c3/fast] Error 2


Source file was:
int main() { return 0; }
Performing C++ SOURCE FILE Test HAVE_CXX_FLAG_WTHREAD_SAFETY failed with the following output:
Change Dir: /home/kidus/llvm-project/clangbuilddir/CMakeFiles/CMakeTmp

Run Build Command(s):/usr/bin/gmake -f Makefile cmTC_e2987/fast && /usr/bin/gmake  -f CMakeFiles/cmTC_e2987.dir/build.make CMakeFiles/cmTC_e2987.dir/build
gmake[1]: Entering directory '/home/kidus/llvm-project/clangbuilddir/CMakeFiles/CMakeTmp'
Building CXX object CMakeFiles/cmTC_e2987.dir/src.cxx.o
/usr/bin/c++ -DHAVE_CXX_FLAG_WTHREAD_SAFETY  -fPIC -fno-semantic-interposition -fvisibility-inlines-hidden -Werror=date-time -fno-lifetime-dse -Wall -Wextra -Wno-unused-parameter -Wwrite-strings -Wcast-qual -Wno-missing-field-initializers -pedantic -Wno-long-long -Wimplicit-fallthrough -Wno-maybe-uninitialized -Wno-nonnull -Wno-class-memaccess -Wno-redundant-move -Wno-pessimizing-move -Wno-noexcept-type -Wdelete-non-virtual-dtor -Wsuggest-override -Wno-comment -Wno-misleading-indentation -Wctad-maybe-unsupported -ffunction-sections -fdata-sections  -std=c++11  -Wall  -Wextra  -Wshadow  -Wsuggest-override  -pedantic  -pedantic-errors  -fstrict-aliasing  -Wno-deprecated-declarations  -fno-exceptions  -Wstrict-aliasing  -Wthread-safety -O3 -DNDEBUG   -Wthread-safety -std=c++17 -o CMakeFiles/cmTC_e2987.dir/src.cxx.o -c /home/kidus/llvm-project/clangbuilddir/CMakeFiles/CMakeTmp/src.cxx
c++: error: unrecognized command-line option '-Wthread-safety'
c++: error: unrecognized command-line option '-Wthread-safety'
gmake[1]: *** [CMakeFiles/cmTC_e2987.dir/build.make:78: CMakeFiles/cmTC_e2987.dir/src.cxx.o] Error 1
gmake[1]: Leaving directory '/home/kidus/llvm-project/clangbuilddir/CMakeFiles/CMakeTmp'
gmake: *** [Makefile:127: cmTC_e2987/fast] Error 2


Source file was:
int main() { return 0; }
